2023/11/15 22:19:03.118  [I] [server.go:280]  http server Running on http://:8080
2023/11/15 22:22:02.718  [I] [server.go:280]  http server Running on http://:8080
2023/11/15 22:24:00.930  [I] [server.go:280]  http server Running on http://:8080
2023/11/15 22:26:37.487  [I] [server.go:280]  http server Running on http://:8080
2023/11/15 22:28:04.865  [I] [server.go:280]  http server Running on http://:8080
2024/01/30 21:44:22.308  [I] [server.go:280]  http server Running on http://:8080
2024/01/30 21:44:22.308  [C] [server.go:297]  ListenAndServe:  listen tcp :8080: bind: address already in use
2024/01/30 23:51:48.163  [I] [server.go:280]  http server Running on http://:8080
2024/01/30 23:51:48.163  [C] [server.go:297]  ListenAndServe:  listen tcp :8080: bind: address already in use
2024/01/30 23:52:05.358  [I] [server.go:280]  http server Running on http://:8080
2024/01/30 23:52:05.361  [C] [server.go:297]  ListenAndServe:  listen tcp :8080: bind: address already in use
2024/01/31 00:47:03.582  [I] [server.go:280]  http server Running on http://:8080
2024/01/31 00:47:03.582  [C] [server.go:297]  ListenAndServe:  listen tcp :8080: bind: address already in use
2024/01/31 01:00:48.535  [I] [server.go:280]  http server Running on http://:8080
2024/01/31 01:00:51.229  [D] [router.go:1305]  |            ::1|[90;47m 302 [0m|     72.583µs|   match|[97;44m GET     [0m /swagger
2024/01/31 01:00:51.243  [D] [router.go:1305]  |            ::1|[97;42m 200 [0m|   1.163667ms|   match|[97;44m GET     [0m /swagger/
2024/01/31 01:00:51.272  [D] [router.go:1305]  |            ::1|[97;42m 200 [0m|   2.811166ms|   match|[97;44m GET     [0m /swagger/swagger-ui.css
2024/01/31 01:00:51.275  [D] [router.go:1305]  |            ::1|[97;42m 200 [0m|   1.818666ms|   match|[97;44m GET     [0m /swagger/swagger-ui-standalone-preset.js
2024/01/31 01:00:51.283  [D] [router.go:1305]  |            ::1|[97;42m 200 [0m|   3.353041ms|   match|[97;44m GET     [0m /swagger/swagger-ui-bundle.js
2024/01/31 01:01:03.737  [D] [router.go:1305]  |            ::1|[97;42m 200 [0m|   3.430917ms|   match|[97;44m GET     [0m /swagger/swagger.yml
2024/01/31 08:25:47.219  [I] [server.go:280]  http server Running on http://:8080
2024/01/31 08:26:23.873  [I] [server.go:280]  http server Running on http://:8080
2024/01/31 08:27:34.080  [I] [server.go:280]  http server Running on http://:8080
2024/01/31 08:28:11.989  [D] [router.go:1305]  |            ::1|[97;42m 200 [0m|    3.53425ms|   match|[97;44m GET     [0m /swagger/swagger.yml
2024/01/31 08:29:02.214  [I] [server.go:280]  http server Running on http://:8080
2024/01/31 08:29:11.667  [D] [router.go:1305]  |            ::1|[97;42m 200 [0m|    868.167µs|   match|[97;44m GET     [0m /swagger/swagger.yml
2024/01/31 08:30:50.299  [I] [users.go:43]  Received  {Neptune27 Neptune}
2024/01/31 08:30:50.318  [D] [users.go:48]  [36 50 97 36 48 56 36 106 56 100 114 110 51 47 84 100 113 104 88 55 90 71 90 81 110 51 72 84 79 55 77 90 56 107 118 76 55 82 70 67 113 53 117 74 56 113 46 111 109 70 71 99 78 76 56 108 49 73 84 113]
2024/01/31 08:30:50.318  [D] [users.go:52]  Sending $2a$08$j8drn3/TdqhX7ZGZQn3HTO7MZ8kvL7RFCq5uJ8q.omFGcNL8l1ITq
2024/01/31 08:30:50.369  [D] [users.go:79]  Returned user is &{4 0  Neptune $2a$08$j8drn3/TdqhX7ZGZQn3HTO7MZ8kvL7RFCq5uJ8q.omFGcNL8l1ITq    0001-01-01 00:00:00 +0000 UTC     1 false 2024-01-31 08:30:50 +0000 GMT 0001-01-01 00:00:00 +0000 UTC 1 1}
2024/01/31 08:30:50.369  [D] [router.go:1305]  |            ::1|[97;42m 201 [0m|  73.189834ms|   match|[97;46m POST    [0m /v1/users/2/sign-up   r:/v1/users/2/sign-up
2024/01/31 08:34:52.236  [I] [server.go:280]  http server Running on http://:8080
2024/01/31 08:34:53.251  [I] [server.go:280]  http server Running on http://:8080
2024/01/31 08:38:20.991  [I] [server.go:280]  http server Running on http://:8080
2024/01/31 08:41:35.324  [I] [server.go:280]  http server Running on http://:8080
2024/01/31 08:43:06.836  [I] [server.go:280]  http server Running on http://:8080
2024/01/31 08:43:11.118  [I] [server.go:280]  http server Running on http://:8080
2024/01/31 08:43:42.890  [I] [server.go:280]  http server Running on http://:8080
2024/01/31 08:43:44.322  [I] [server.go:280]  http server Running on http://:8080
2024/01/31 08:43:47.988  [I] [server.go:280]  http server Running on http://:8080
2024/01/31 08:49:27.936  [I] [server.go:280]  http server Running on http://:8080
2024/01/31 08:52:34.570  [I] [server.go:280]  http server Running on http://:8080
2024/01/31 08:56:13.390  [I] [server.go:280]  http server Running on http://:8080
2024/01/31 09:01:22.546  [I] [server.go:280]  http server Running on http://:8080
2024/01/31 09:03:34.652  [I] [server.go:280]  http server Running on http://:8080
2024/01/31 09:04:14.660  [I] [server.go:280]  http server Running on http://:8080
2024/01/31 09:04:28.215  [I] [server.go:280]  http server Running on http://:8080
2024/01/31 09:06:03.758  [I] [server.go:280]  http server Running on http://:8080
2024/01/31 09:08:52.077  [I] [server.go:280]  http server Running on http://:8080
2024/01/31 09:11:31.459  [I] [server.go:280]  http server Running on http://:8080
2024/01/31 09:12:02.320  [I] [server.go:280]  http server Running on http://:8080
2024/01/31 10:43:51.173  [I] [server.go:280]  http server Running on http://:8080
2024/01/31 10:43:59.890  [I] [server.go:280]  http server Running on http://:8080
2024/01/31 10:46:31.701  [I] [server.go:280]  http server Running on http://:8080
2024/01/31 11:13:13.531  [I] [server.go:280]  http server Running on http://:8080
2024/01/31 11:18:04.406  [I] [server.go:280]  http server Running on http://:8080
2024/01/31 11:18:53.117  [I] [server.go:280]  http server Running on http://:8080
2024/01/31 11:20:45.351  [I] [server.go:280]  http server Running on http://:8080
2024/01/31 11:20:55.560  [D] [router.go:1305]  |            ::1|[97;42m 200 [0m|   3.188667ms|   match|[97;44m GET     [0m /swagger/
2024/01/31 11:20:55.823  [D] [router.go:1305]  |            ::1|[97;42m 200 [0m|   1.167209ms|   match|[97;44m GET     [0m /swagger/swagger.yml
2024/01/31 11:20:56.033  [D] [router.go:1305]  |            ::1|[97;42m 200 [0m|     368.75µs|   match|[97;44m GET     [0m /swagger/favicon-32x32.png
2024/01/31 11:20:56.042  [D] [router.go:1305]  |            ::1|[97;42m 200 [0m|      340.5µs|   match|[97;44m GET     [0m /swagger/favicon-16x16.png
2024/01/31 11:21:17.529  [I] [users.go:43]  Received  {gidimen1234 gidimen}
2024/01/31 11:21:17.552  [D] [users.go:48]  [36 50 97 36 48 56 36 108 111 119 118 69 51 118 81 116 103 103 105 46 76 109 117 103 47 122 68 87 117 111 75 81 83 89 106 55 103 65 50 108 80 82 83 65 53 52 47 99 79 104 109 79 86 107 90 112 97 111 80 105]
2024/01/31 11:21:17.552  [D] [users.go:52]  Sending $2a$08$lowvE3vQtggi.Lmug/zDWuoKQSYj7gA2lPRSA54/cOhmOVkZpaoPi
2024/01/31 11:21:17.674  [D] [users.go:79]  Returned user is &{5 0  gidimen $2a$08$lowvE3vQtggi.Lmug/zDWuoKQSYj7gA2lPRSA54/cOhmOVkZpaoPi    0001-01-01 00:00:00 +0000 UTC     1 false 2024-01-31 11:21:18 +0000 GMT 0001-01-01 00:00:00 +0000 UTC 1 1}
2024/01/31 11:21:17.681  [D] [router.go:1305]  |            ::1|[97;42m 201 [0m| 165.294333ms|   match|[97;46m POST    [0m /v1/users/2/sign-up   r:/v1/users/2/sign-up
2024/01/31 11:22:57.383  [I] [server.go:280]  http server Running on http://:8080
2024/01/31 11:23:45.030  [I] [authentication.go:34]  Received  112623 gidimen
2024/01/31 11:23:45.083  [E] [authentication.go:42]  crypto/bcrypt: hashedPassword is not the hash of the given password
2024/01/31 11:23:45.083  [D] [router.go:1305]  |            ::1|[97;42m 200 [0m|    56.0885ms|   match|[97;46m POST    [0m /v1/auth/login   r:/v1/auth/login
2024/01/31 11:23:54.401  [I] [authentication.go:34]  Received  112622 gidimen
2024/01/31 11:23:54.458  [E] [authentication.go:42]  crypto/bcrypt: hashedPassword is not the hash of the given password
2024/01/31 11:23:54.458  [D] [router.go:1305]  |            ::1|[97;42m 200 [0m|  57.149375ms|   match|[97;46m POST    [0m /v1/auth/login   r:/v1/auth/login
2024/01/31 11:25:56.392  [I] [server.go:280]  http server Running on http://:8080
2024/01/31 11:26:08.839  [I] [authentication.go:34]  Received  112622 gidimen
2024/01/31 11:26:08.893  [E] [authentication.go:42]  crypto/bcrypt: hashedPassword is not the hash of the given password
2024/01/31 11:26:08.894  [D] [router.go:1305]  |            ::1|[97;42m 200 [0m|  55.392584ms|   match|[97;46m POST    [0m /v1/auth/login   r:/v1/auth/login
2024/01/31 11:26:26.548  [I] [authentication.go:34]  Received  112622 gidimen
2024/01/31 11:26:26.614  [E] [authentication.go:42]  crypto/bcrypt: hashedPassword is not the hash of the given password
2024/01/31 11:26:26.614  [D] [router.go:1305]  |            ::1|[97;42m 200 [0m|   66.57375ms|   match|[97;46m POST    [0m /v1/auth/login   r:/v1/auth/login
2024/01/31 11:27:33.184  [I] [server.go:280]  http server Running on http://:8080
2024/01/31 11:27:34.579  [I] [authentication.go:34]  Received  112622 gidimen
2024/01/31 11:27:34.640  [E] [authentication.go:42]  crypto/bcrypt: hashedPassword is not the hash of the given password
2024/01/31 11:27:34.640  [D] [router.go:1305]  |            ::1|[97;42m 200 [0m|  61.687042ms|   match|[97;46m POST    [0m /v1/auth/login   r:/v1/auth/login
2024/01/31 12:09:20.578  [I] [authentication.go:34]  Received  112622 gidimen
2024/01/31 12:09:20.659  [E] [authentication.go:42]  crypto/bcrypt: hashedPassword is not the hash of the given password
2024/01/31 12:09:20.659  [D] [router.go:1305]  |            ::1|[97;42m 200 [0m|  84.579417ms|   match|[97;46m POST    [0m /v1/auth/login   r:/v1/auth/login
2024/01/31 12:10:13.410  [I] [authentication.go:72]  Received OTP verification request:  112622 gidimen
2024/01/31 12:10:13.436  [C] [config.go:500]  the request url is  /v1/auth/verify-otp
2024/01/31 12:10:13.436  [C] [config.go:501]  Handler crashed with error unknown field/column name `UserOtps__date_created`
2024/01/31 12:10:13.437  [C] [config.go:507]  /usr/local/go/src/runtime/panic.go:914
2024/01/31 12:10:13.437  [C] [config.go:507]  /Users/bede.abbe/go/pkg/mod/github.com/beego/beego/v2@v2.1.1/client/orm/db_tables.go:451
2024/01/31 12:10:13.437  [C] [config.go:507]  /Users/bede.abbe/go/pkg/mod/github.com/beego/beego/v2@v2.1.1/client/orm/db.go:1069
2024/01/31 12:10:13.437  [C] [config.go:507]  /Users/bede.abbe/go/pkg/mod/github.com/beego/beego/v2@v2.1.1/client/orm/orm_queryset.go:297
2024/01/31 12:10:13.438  [C] [config.go:507]  /Users/bede.abbe/go/pkg/mod/github.com/beego/beego/v2@v2.1.1/client/orm/orm_queryset.go:292
2024/01/31 12:10:13.438  [C] [config.go:507]  /Users/bede.abbe/Desktop/projects/go_projects/authentication_service/models/userOTP.go:41
2024/01/31 12:10:13.438  [C] [config.go:507]  /Users/bede.abbe/Desktop/projects/go_projects/authentication_service/controllers/authentication.go:76
2024/01/31 12:10:13.438  [C] [config.go:507]  /Users/bede.abbe/go/pkg/mod/github.com/beego/beego/v2@v2.1.1/server/web/controller.go:237
2024/01/31 12:10:13.438  [C] [config.go:507]  /Users/bede.abbe/go/pkg/mod/github.com/beego/beego/v2@v2.1.1/server/web/router.go:1229
2024/01/31 12:10:13.438  [C] [config.go:507]  /Users/bede.abbe/go/pkg/mod/github.com/beego/beego/v2@v2.1.1/server/web/filter.go:83
2024/01/31 12:10:13.440  [C] [config.go:507]  /Users/bede.abbe/go/pkg/mod/github.com/beego/beego/v2@v2.1.1/server/web/router.go:1002
2024/01/31 12:10:13.441  [C] [config.go:507]  /usr/local/go/src/net/http/server.go:2938
2024/01/31 12:10:13.441  [C] [config.go:507]  /usr/local/go/src/net/http/server.go:2009
2024/01/31 12:10:13.441  [C] [config.go:507]  /usr/local/go/src/runtime/asm_arm64.s:1197
2024/01/31 12:12:00.075  [I] [authentication.go:72]  Received OTP verification request:  112622 gidimen
2024/01/31 12:12:00.101  [C] [config.go:500]  the request url is  /v1/auth/verify-otp
2024/01/31 12:12:00.102  [C] [config.go:501]  Handler crashed with error unknown field/column name `UserOtps__date_created`
2024/01/31 12:12:00.102  [C] [config.go:507]  /usr/local/go/src/runtime/panic.go:914
2024/01/31 12:12:00.103  [C] [config.go:507]  /Users/bede.abbe/go/pkg/mod/github.com/beego/beego/v2@v2.1.1/client/orm/db_tables.go:451
2024/01/31 12:12:00.103  [C] [config.go:507]  /Users/bede.abbe/go/pkg/mod/github.com/beego/beego/v2@v2.1.1/client/orm/db.go:1069
2024/01/31 12:12:00.103  [C] [config.go:507]  /Users/bede.abbe/go/pkg/mod/github.com/beego/beego/v2@v2.1.1/client/orm/orm_queryset.go:297
2024/01/31 12:12:00.103  [C] [config.go:507]  /Users/bede.abbe/go/pkg/mod/github.com/beego/beego/v2@v2.1.1/client/orm/orm_queryset.go:292
2024/01/31 12:12:00.104  [C] [config.go:507]  /Users/bede.abbe/Desktop/projects/go_projects/authentication_service/models/userOTP.go:41
2024/01/31 12:12:00.104  [C] [config.go:507]  /Users/bede.abbe/Desktop/projects/go_projects/authentication_service/controllers/authentication.go:76
2024/01/31 12:12:00.104  [C] [config.go:507]  /Users/bede.abbe/go/pkg/mod/github.com/beego/beego/v2@v2.1.1/server/web/controller.go:237
2024/01/31 12:12:00.104  [C] [config.go:507]  /Users/bede.abbe/go/pkg/mod/github.com/beego/beego/v2@v2.1.1/server/web/router.go:1229
2024/01/31 12:12:00.104  [C] [config.go:507]  /Users/bede.abbe/go/pkg/mod/github.com/beego/beego/v2@v2.1.1/server/web/filter.go:83
2024/01/31 12:12:00.104  [C] [config.go:507]  /Users/bede.abbe/go/pkg/mod/github.com/beego/beego/v2@v2.1.1/server/web/router.go:1002
2024/01/31 12:12:00.104  [C] [config.go:507]  /usr/local/go/src/net/http/server.go:2938
2024/01/31 12:12:00.104  [C] [config.go:507]  /usr/local/go/src/net/http/server.go:2009
2024/01/31 12:12:00.104  [C] [config.go:507]  /usr/local/go/src/runtime/asm_arm64.s:1197
2024/01/31 12:12:03.036  [I] [server.go:280]  http server Running on http://:8080
2024/01/31 12:12:10.779  [I] [authentication.go:72]  Received OTP verification request:  112622 gidimen
2024/01/31 12:12:10.797  [C] [config.go:500]  the request url is  /v1/auth/verify-otp
2024/01/31 12:12:10.797  [C] [config.go:501]  Handler crashed with error unknown field/column name `UserOtps__dateCreated`
2024/01/31 12:12:10.797  [C] [config.go:507]  /usr/local/go/src/runtime/panic.go:914
2024/01/31 12:12:10.797  [C] [config.go:507]  /Users/bede.abbe/go/pkg/mod/github.com/beego/beego/v2@v2.1.1/client/orm/db_tables.go:451
2024/01/31 12:12:10.797  [C] [config.go:507]  /Users/bede.abbe/go/pkg/mod/github.com/beego/beego/v2@v2.1.1/client/orm/db.go:1069
2024/01/31 12:12:10.797  [C] [config.go:507]  /Users/bede.abbe/go/pkg/mod/github.com/beego/beego/v2@v2.1.1/client/orm/orm_queryset.go:297
2024/01/31 12:12:10.797  [C] [config.go:507]  /Users/bede.abbe/go/pkg/mod/github.com/beego/beego/v2@v2.1.1/client/orm/orm_queryset.go:292
2024/01/31 12:12:10.797  [C] [config.go:507]  /Users/bede.abbe/Desktop/projects/go_projects/authentication_service/models/userOTP.go:41
2024/01/31 12:12:10.798  [C] [config.go:507]  /Users/bede.abbe/Desktop/projects/go_projects/authentication_service/controllers/authentication.go:76
2024/01/31 12:12:10.798  [C] [config.go:507]  /Users/bede.abbe/go/pkg/mod/github.com/beego/beego/v2@v2.1.1/server/web/controller.go:237
2024/01/31 12:12:10.798  [C] [config.go:507]  /Users/bede.abbe/go/pkg/mod/github.com/beego/beego/v2@v2.1.1/server/web/router.go:1229
2024/01/31 12:12:10.798  [C] [config.go:507]  /Users/bede.abbe/go/pkg/mod/github.com/beego/beego/v2@v2.1.1/server/web/filter.go:83
2024/01/31 12:12:10.798  [C] [config.go:507]  /Users/bede.abbe/go/pkg/mod/github.com/beego/beego/v2@v2.1.1/server/web/router.go:1002
2024/01/31 12:12:10.798  [C] [config.go:507]  /usr/local/go/src/net/http/server.go:2938
2024/01/31 12:12:10.798  [C] [config.go:507]  /usr/local/go/src/net/http/server.go:2009
2024/01/31 12:12:10.798  [C] [config.go:507]  /usr/local/go/src/runtime/asm_arm64.s:1197
2024/01/31 12:14:02.224  [I] [server.go:280]  http server Running on http://:8080
2024/01/31 12:14:07.513  [I] [authentication.go:72]  Received OTP verification request:  112622 gidimen
2024/01/31 12:14:07.529  [C] [config.go:500]  the request url is  /v1/auth/verify-otp
2024/01/31 12:14:07.529  [C] [config.go:501]  Handler crashed with error unknown field/column name `user_otps__date_created`
2024/01/31 12:14:07.529  [C] [config.go:507]  /usr/local/go/src/runtime/panic.go:914
2024/01/31 12:14:07.529  [C] [config.go:507]  /Users/bede.abbe/go/pkg/mod/github.com/beego/beego/v2@v2.1.1/client/orm/db_tables.go:451
2024/01/31 12:14:07.529  [C] [config.go:507]  /Users/bede.abbe/go/pkg/mod/github.com/beego/beego/v2@v2.1.1/client/orm/db.go:1069
2024/01/31 12:14:07.529  [C] [config.go:507]  /Users/bede.abbe/go/pkg/mod/github.com/beego/beego/v2@v2.1.1/client/orm/orm_queryset.go:297
2024/01/31 12:14:07.529  [C] [config.go:507]  /Users/bede.abbe/go/pkg/mod/github.com/beego/beego/v2@v2.1.1/client/orm/orm_queryset.go:292
2024/01/31 12:14:07.529  [C] [config.go:507]  /Users/bede.abbe/Desktop/projects/go_projects/authentication_service/models/userOTP.go:41
2024/01/31 12:14:07.529  [C] [config.go:507]  /Users/bede.abbe/Desktop/projects/go_projects/authentication_service/controllers/authentication.go:76
2024/01/31 12:14:07.529  [C] [config.go:507]  /Users/bede.abbe/go/pkg/mod/github.com/beego/beego/v2@v2.1.1/server/web/controller.go:237
2024/01/31 12:14:07.529  [C] [config.go:507]  /Users/bede.abbe/go/pkg/mod/github.com/beego/beego/v2@v2.1.1/server/web/router.go:1229
2024/01/31 12:14:07.529  [C] [config.go:507]  /Users/bede.abbe/go/pkg/mod/github.com/beego/beego/v2@v2.1.1/server/web/filter.go:83
2024/01/31 12:14:07.529  [C] [config.go:507]  /Users/bede.abbe/go/pkg/mod/github.com/beego/beego/v2@v2.1.1/server/web/router.go:1002
2024/01/31 12:14:07.529  [C] [config.go:507]  /usr/local/go/src/net/http/server.go:2938
2024/01/31 12:14:07.529  [C] [config.go:507]  /usr/local/go/src/net/http/server.go:2009
2024/01/31 12:14:07.529  [C] [config.go:507]  /usr/local/go/src/runtime/asm_arm64.s:1197
2024/01/31 12:27:01.595  [I] [server.go:280]  http server Running on http://:8080
2024/01/31 12:27:33.276  [I] [server.go:280]  http server Running on http://:8080
2024/01/31 12:27:39.275  [I] [server.go:280]  http server Running on http://:8080
2024/01/31 12:27:42.509  [I] [server.go:280]  http server Running on http://:8080
2024/01/31 12:27:54.155  [I] [server.go:280]  http server Running on http://:8080
2024/01/31 12:28:11.736  [D] [router.go:1305]  |            ::1|[97;42m 200 [0m|    910.917µs|   match|[97;44m GET     [0m /swagger/
2024/01/31 12:28:11.933  [D] [router.go:1305]  |            ::1|[97;42m 200 [0m|   1.251875ms|   match|[97;44m GET     [0m /swagger/swagger.yml
2024/01/31 12:28:43.611  [I] [authentication.go:72]  Received OTP verification request:  112622 gidimen
2024/01/31 12:28:43.656  [C] [config.go:500]  the request url is  /v1/auth/verify-otp
2024/01/31 12:28:43.656  [C] [config.go:501]  Handler crashed with error unknown field/column name `userOtps__date_created`
2024/01/31 12:28:43.657  [C] [config.go:507]  /usr/local/go/src/runtime/panic.go:914
2024/01/31 12:28:43.657  [C] [config.go:507]  /Users/bede.abbe/go/pkg/mod/github.com/beego/beego/v2@v2.1.1/client/orm/db_tables.go:451
2024/01/31 12:28:43.657  [C] [config.go:507]  /Users/bede.abbe/go/pkg/mod/github.com/beego/beego/v2@v2.1.1/client/orm/db.go:1069
2024/01/31 12:28:43.657  [C] [config.go:507]  /Users/bede.abbe/go/pkg/mod/github.com/beego/beego/v2@v2.1.1/client/orm/orm_queryset.go:297
2024/01/31 12:28:43.657  [C] [config.go:507]  /Users/bede.abbe/go/pkg/mod/github.com/beego/beego/v2@v2.1.1/client/orm/orm_queryset.go:292
2024/01/31 12:28:43.658  [C] [config.go:507]  /Users/bede.abbe/Desktop/projects/go_projects/authentication_service/models/userOTP.go:41
2024/01/31 12:28:43.658  [C] [config.go:507]  /Users/bede.abbe/Desktop/projects/go_projects/authentication_service/controllers/authentication.go:76
2024/01/31 12:28:43.658  [C] [config.go:507]  /Users/bede.abbe/go/pkg/mod/github.com/beego/beego/v2@v2.1.1/server/web/controller.go:237
2024/01/31 12:28:43.658  [C] [config.go:507]  /Users/bede.abbe/go/pkg/mod/github.com/beego/beego/v2@v2.1.1/server/web/router.go:1229
2024/01/31 12:28:43.658  [C] [config.go:507]  /Users/bede.abbe/go/pkg/mod/github.com/beego/beego/v2@v2.1.1/server/web/filter.go:83
2024/01/31 12:28:43.658  [C] [config.go:507]  /Users/bede.abbe/go/pkg/mod/github.com/beego/beego/v2@v2.1.1/server/web/router.go:1002
2024/01/31 12:28:43.658  [C] [config.go:507]  /usr/local/go/src/net/http/server.go:2938
2024/01/31 12:28:43.658  [C] [config.go:507]  /usr/local/go/src/net/http/server.go:2009
2024/01/31 12:28:43.658  [C] [config.go:507]  /usr/local/go/src/runtime/asm_arm64.s:1197
2024/01/31 12:30:00.653  [I] [server.go:280]  http server Running on http://:8080
2024/01/31 12:30:03.221  [I] [authentication.go:72]  Received OTP verification request:  112622 gidimen
2024/01/31 12:30:03.236  [C] [config.go:500]  the request url is  /v1/auth/verify-otp
2024/01/31 12:30:03.236  [C] [config.go:501]  Handler crashed with error unknown field/column name `userOtps__dateCreated`
2024/01/31 12:30:03.236  [C] [config.go:507]  /usr/local/go/src/runtime/panic.go:914
2024/01/31 12:30:03.236  [C] [config.go:507]  /Users/bede.abbe/go/pkg/mod/github.com/beego/beego/v2@v2.1.1/client/orm/db_tables.go:451
2024/01/31 12:30:03.236  [C] [config.go:507]  /Users/bede.abbe/go/pkg/mod/github.com/beego/beego/v2@v2.1.1/client/orm/db.go:1069
2024/01/31 12:30:03.236  [C] [config.go:507]  /Users/bede.abbe/go/pkg/mod/github.com/beego/beego/v2@v2.1.1/client/orm/orm_queryset.go:297
2024/01/31 12:30:03.236  [C] [config.go:507]  /Users/bede.abbe/go/pkg/mod/github.com/beego/beego/v2@v2.1.1/client/orm/orm_queryset.go:292
2024/01/31 12:30:03.236  [C] [config.go:507]  /Users/bede.abbe/Desktop/projects/go_projects/authentication_service/models/userOTP.go:41
2024/01/31 12:30:03.236  [C] [config.go:507]  /Users/bede.abbe/Desktop/projects/go_projects/authentication_service/controllers/authentication.go:76
2024/01/31 12:30:03.236  [C] [config.go:507]  /Users/bede.abbe/go/pkg/mod/github.com/beego/beego/v2@v2.1.1/server/web/controller.go:237
2024/01/31 12:30:03.236  [C] [config.go:507]  /Users/bede.abbe/go/pkg/mod/github.com/beego/beego/v2@v2.1.1/server/web/router.go:1229
2024/01/31 12:30:03.236  [C] [config.go:507]  /Users/bede.abbe/go/pkg/mod/github.com/beego/beego/v2@v2.1.1/server/web/filter.go:83
2024/01/31 12:30:03.236  [C] [config.go:507]  /Users/bede.abbe/go/pkg/mod/github.com/beego/beego/v2@v2.1.1/server/web/router.go:1002
2024/01/31 12:30:03.237  [C] [config.go:507]  /usr/local/go/src/net/http/server.go:2938
2024/01/31 12:30:03.237  [C] [config.go:507]  /usr/local/go/src/net/http/server.go:2009
2024/01/31 12:30:03.237  [C] [config.go:507]  /usr/local/go/src/runtime/asm_arm64.s:1197
2024/01/31 12:30:49.984  [I] [server.go:280]  http server Running on http://:8080
2024/01/31 12:30:54.571  [I] [authentication.go:72]  Received OTP verification request:  112622 gidimen
2024/01/31 12:30:54.595  [C] [config.go:500]  the request url is  /v1/auth/verify-otp
2024/01/31 12:30:54.595  [C] [config.go:501]  Handler crashed with error unknown field/column name `userOtps__date_created`
2024/01/31 12:30:54.595  [C] [config.go:507]  /usr/local/go/src/runtime/panic.go:914
2024/01/31 12:30:54.595  [C] [config.go:507]  /Users/bede.abbe/go/pkg/mod/github.com/beego/beego/v2@v2.1.1/client/orm/db_tables.go:451
2024/01/31 12:30:54.595  [C] [config.go:507]  /Users/bede.abbe/go/pkg/mod/github.com/beego/beego/v2@v2.1.1/client/orm/db.go:1069
2024/01/31 12:30:54.595  [C] [config.go:507]  /Users/bede.abbe/go/pkg/mod/github.com/beego/beego/v2@v2.1.1/client/orm/orm_queryset.go:297
2024/01/31 12:30:54.595  [C] [config.go:507]  /Users/bede.abbe/go/pkg/mod/github.com/beego/beego/v2@v2.1.1/client/orm/orm_queryset.go:292
2024/01/31 12:30:54.595  [C] [config.go:507]  /Users/bede.abbe/Desktop/projects/go_projects/authentication_service/models/userOTP.go:41
2024/01/31 12:30:54.595  [C] [config.go:507]  /Users/bede.abbe/Desktop/projects/go_projects/authentication_service/controllers/authentication.go:76
2024/01/31 12:30:54.595  [C] [config.go:507]  /Users/bede.abbe/go/pkg/mod/github.com/beego/beego/v2@v2.1.1/server/web/controller.go:237
2024/01/31 12:30:54.595  [C] [config.go:507]  /Users/bede.abbe/go/pkg/mod/github.com/beego/beego/v2@v2.1.1/server/web/router.go:1229
2024/01/31 12:30:54.595  [C] [config.go:507]  /Users/bede.abbe/go/pkg/mod/github.com/beego/beego/v2@v2.1.1/server/web/filter.go:83
2024/01/31 12:30:54.595  [C] [config.go:507]  /Users/bede.abbe/go/pkg/mod/github.com/beego/beego/v2@v2.1.1/server/web/router.go:1002
2024/01/31 12:30:54.595  [C] [config.go:507]  /usr/local/go/src/net/http/server.go:2938
2024/01/31 12:30:54.595  [C] [config.go:507]  /usr/local/go/src/net/http/server.go:2009
2024/01/31 12:30:54.595  [C] [config.go:507]  /usr/local/go/src/runtime/asm_arm64.s:1197
2024/01/31 12:31:13.753  [I] [server.go:280]  http server Running on http://:8080
2024/01/31 12:42:50.119  [I] [server.go:280]  http server Running on http://:8080
2024/01/31 12:49:35.765  [I] [server.go:280]  http server Running on http://:8080
2024/01/31 12:49:40.235  [I] [authentication.go:72]  Received OTP verification request:  112622 gidimen
2024/01/31 12:49:40.272  [C] [config.go:500]  the request url is  /v1/auth/verify-otp
2024/01/31 12:49:40.272  [C] [config.go:501]  Handler crashed with error unknown field/column name `userOtps__DateCreated`
2024/01/31 12:49:40.273  [C] [config.go:507]  /usr/local/go/src/runtime/panic.go:914
2024/01/31 12:49:40.273  [C] [config.go:507]  /Users/bede.abbe/go/pkg/mod/github.com/beego/beego/v2@v2.1.1/client/orm/db_tables.go:451
2024/01/31 12:49:40.273  [C] [config.go:507]  /Users/bede.abbe/go/pkg/mod/github.com/beego/beego/v2@v2.1.1/client/orm/db.go:1069
2024/01/31 12:49:40.273  [C] [config.go:507]  /Users/bede.abbe/go/pkg/mod/github.com/beego/beego/v2@v2.1.1/client/orm/orm_queryset.go:297
2024/01/31 12:49:40.273  [C] [config.go:507]  /Users/bede.abbe/go/pkg/mod/github.com/beego/beego/v2@v2.1.1/client/orm/orm_queryset.go:292
2024/01/31 12:49:40.273  [C] [config.go:507]  /Users/bede.abbe/Desktop/projects/go_projects/authentication_service/models/userOTP.go:41
2024/01/31 12:49:40.274  [C] [config.go:507]  /Users/bede.abbe/Desktop/projects/go_projects/authentication_service/controllers/authentication.go:76
2024/01/31 12:49:40.274  [C] [config.go:507]  /Users/bede.abbe/go/pkg/mod/github.com/beego/beego/v2@v2.1.1/server/web/controller.go:237
2024/01/31 12:49:40.274  [C] [config.go:507]  /Users/bede.abbe/go/pkg/mod/github.com/beego/beego/v2@v2.1.1/server/web/router.go:1229
2024/01/31 12:49:40.274  [C] [config.go:507]  /Users/bede.abbe/go/pkg/mod/github.com/beego/beego/v2@v2.1.1/server/web/filter.go:83
2024/01/31 12:49:40.274  [C] [config.go:507]  /Users/bede.abbe/go/pkg/mod/github.com/beego/beego/v2@v2.1.1/server/web/router.go:1002
2024/01/31 12:49:40.276  [C] [config.go:507]  /usr/local/go/src/net/http/server.go:2938
2024/01/31 12:49:40.276  [C] [config.go:507]  /usr/local/go/src/net/http/server.go:2009
2024/01/31 12:49:40.276  [C] [config.go:507]  /usr/local/go/src/runtime/asm_arm64.s:1197
2024/01/31 12:50:34.694  [I] [users.go:43]  Received  {pastries1234 pastries}
2024/01/31 12:50:34.727  [D] [users.go:48]  [36 50 97 36 48 56 36 87 55 69 69 65 105 77 49 83 79 85 51 113 109 98 73 116 104 68 57 55 79 101 55 108 78 90 54 69 67 100 85 101 103 113 47 98 86 57 102 104 82 109 84 52 48 77 70 119 86 76 57 50]
2024/01/31 12:50:34.727  [D] [users.go:52]  Sending $2a$08$W7EEAiM1SOU3qmbIthD97Oe7lNZ6ECdUegq/bV9fhRmT40MFwVL92
2024/01/31 12:50:34.769  [D] [users.go:79]  Returned user is &{6 0  pastries $2a$08$W7EEAiM1SOU3qmbIthD97Oe7lNZ6ECdUegq/bV9fhRmT40MFwVL92    0001-01-01 00:00:00 +0000 UTC     1 false 2024-01-31 12:50:35 +0000 GMT 0001-01-01 00:00:00 +0000 UTC 1 1}
2024/01/31 12:50:34.775  [D] [router.go:1305]  |            ::1|[97;42m 201 [0m|   86.42625ms|   match|[97;46m POST    [0m /v1/users/2/sign-up   r:/v1/users/2/sign-up
2024/01/31 12:51:07.270  [I] [authentication.go:72]  Received OTP verification request:  201012 pastries
2024/01/31 12:51:07.287  [C] [config.go:500]  the request url is  /v1/auth/verify-otp
2024/01/31 12:51:07.287  [C] [config.go:501]  Handler crashed with error unknown field/column name `userOtps__DateCreated`
2024/01/31 12:51:07.287  [C] [config.go:507]  /usr/local/go/src/runtime/panic.go:914
2024/01/31 12:51:07.287  [C] [config.go:507]  /Users/bede.abbe/go/pkg/mod/github.com/beego/beego/v2@v2.1.1/client/orm/db_tables.go:451
2024/01/31 12:51:07.287  [C] [config.go:507]  /Users/bede.abbe/go/pkg/mod/github.com/beego/beego/v2@v2.1.1/client/orm/db.go:1069
2024/01/31 12:51:07.288  [C] [config.go:507]  /Users/bede.abbe/go/pkg/mod/github.com/beego/beego/v2@v2.1.1/client/orm/orm_queryset.go:297
2024/01/31 12:51:07.288  [C] [config.go:507]  /Users/bede.abbe/go/pkg/mod/github.com/beego/beego/v2@v2.1.1/client/orm/orm_queryset.go:292
2024/01/31 12:51:07.288  [C] [config.go:507]  /Users/bede.abbe/Desktop/projects/go_projects/authentication_service/models/userOTP.go:41
2024/01/31 12:51:07.288  [C] [config.go:507]  /Users/bede.abbe/Desktop/projects/go_projects/authentication_service/controllers/authentication.go:76
2024/01/31 12:51:07.288  [C] [config.go:507]  /Users/bede.abbe/go/pkg/mod/github.com/beego/beego/v2@v2.1.1/server/web/controller.go:237
2024/01/31 12:51:07.288  [C] [config.go:507]  /Users/bede.abbe/go/pkg/mod/github.com/beego/beego/v2@v2.1.1/server/web/router.go:1229
2024/01/31 12:51:07.288  [C] [config.go:507]  /Users/bede.abbe/go/pkg/mod/github.com/beego/beego/v2@v2.1.1/server/web/filter.go:83
2024/01/31 12:51:07.288  [C] [config.go:507]  /Users/bede.abbe/go/pkg/mod/github.com/beego/beego/v2@v2.1.1/server/web/router.go:1002
2024/01/31 12:51:07.288  [C] [config.go:507]  /usr/local/go/src/net/http/server.go:2938
2024/01/31 12:51:07.288  [C] [config.go:507]  /usr/local/go/src/net/http/server.go:2009
2024/01/31 12:51:07.289  [C] [config.go:507]  /usr/local/go/src/runtime/asm_arm64.s:1197
2024/01/31 12:51:32.382  [I] [server.go:280]  http server Running on http://:8080
2024/01/31 12:51:33.434  [I] [authentication.go:72]  Received OTP verification request:  201012 pastries
2024/01/31 12:51:33.445  [C] [config.go:500]  the request url is  /v1/auth/verify-otp
2024/01/31 12:51:33.445  [C] [config.go:501]  Handler crashed with error unknown field/column name `UserOtps__DateCreated`
2024/01/31 12:51:33.445  [C] [config.go:507]  /usr/local/go/src/runtime/panic.go:914
2024/01/31 12:51:33.445  [C] [config.go:507]  /Users/bede.abbe/go/pkg/mod/github.com/beego/beego/v2@v2.1.1/client/orm/db_tables.go:451
2024/01/31 12:51:33.445  [C] [config.go:507]  /Users/bede.abbe/go/pkg/mod/github.com/beego/beego/v2@v2.1.1/client/orm/db.go:1069
2024/01/31 12:51:33.445  [C] [config.go:507]  /Users/bede.abbe/go/pkg/mod/github.com/beego/beego/v2@v2.1.1/client/orm/orm_queryset.go:297
2024/01/31 12:51:33.445  [C] [config.go:507]  /Users/bede.abbe/go/pkg/mod/github.com/beego/beego/v2@v2.1.1/client/orm/orm_queryset.go:292
2024/01/31 12:51:33.445  [C] [config.go:507]  /Users/bede.abbe/Desktop/projects/go_projects/authentication_service/models/userOTP.go:41
2024/01/31 12:51:33.446  [C] [config.go:507]  /Users/bede.abbe/Desktop/projects/go_projects/authentication_service/controllers/authentication.go:76
2024/01/31 12:51:33.446  [C] [config.go:507]  /Users/bede.abbe/go/pkg/mod/github.com/beego/beego/v2@v2.1.1/server/web/controller.go:237
2024/01/31 12:51:33.446  [C] [config.go:507]  /Users/bede.abbe/go/pkg/mod/github.com/beego/beego/v2@v2.1.1/server/web/router.go:1229
2024/01/31 12:51:33.446  [C] [config.go:507]  /Users/bede.abbe/go/pkg/mod/github.com/beego/beego/v2@v2.1.1/server/web/filter.go:83
2024/01/31 12:51:33.446  [C] [config.go:507]  /Users/bede.abbe/go/pkg/mod/github.com/beego/beego/v2@v2.1.1/server/web/router.go:1002
2024/01/31 12:51:33.448  [C] [config.go:507]  /usr/local/go/src/net/http/server.go:2938
2024/01/31 12:51:33.449  [C] [config.go:507]  /usr/local/go/src/net/http/server.go:2009
2024/01/31 12:51:33.449  [C] [config.go:507]  /usr/local/go/src/runtime/asm_arm64.s:1197
2024/01/31 12:52:31.050  [I] [server.go:280]  http server Running on http://:8080
2024/01/31 12:52:38.050  [I] [authentication.go:72]  Received OTP verification request:  201012 pastries
2024/01/31 12:52:38.085  [I] [authentication.go:77]  Returned OTP model is  &{6 201012 0 2024-01-31 12:50:35 +0000 GMT 0001-01-01 00:00:00 +0000 UTC 0 0}
2024/01/31 12:52:38.086  [E] [authentication.go:84]  crypto/bcrypt: hashedSecret too short to be a bcrypted password
2024/01/31 12:52:38.086  [D] [router.go:1305]  |            ::1|[97;42m 200 [0m|  36.553917ms|   match|[97;46m POST    [0m /v1/auth/verify-otp   r:/v1/auth/verify-otp
2024/01/31 12:56:53.219  [I] [server.go:280]  http server Running on http://:8080
2024/01/31 12:57:26.460  [I] [users.go:43]  Received  {talim1234 talim}
2024/01/31 12:57:26.486  [D] [users.go:48]  [36 50 97 36 48 56 36 108 100 70 55 74 57 68 66 87 75 115 88 46 70 80 75 83 118 84 77 70 101 74 76 46 70 103 111 106 66 67 56 121 119 118 117 54 81 74 71 73 85 77 68 82 119 112 110 97 87 67 116 54]
2024/01/31 12:57:26.486  [D] [users.go:52]  Sending $2a$08$ldF7J9DBWKsX.FPKSvTMFeJL.FgojBC8ywvu6QJGIUMDRwpnaWCt6
2024/01/31 12:57:26.507  [D] [users.go:79]  Returned user is &{7 0  talim $2a$08$ldF7J9DBWKsX.FPKSvTMFeJL.FgojBC8ywvu6QJGIUMDRwpnaWCt6    0001-01-01 00:00:00 +0000 UTC     1 false 2024-01-31 12:57:26 +0000 GMT 0001-01-01 00:00:00 +0000 UTC 1 1}
2024/01/31 12:57:26.538  [D] [router.go:1305]  |            ::1|[97;42m 201 [0m|  78.326291ms|   match|[97;46m POST    [0m /v1/users/2/sign-up   r:/v1/users/2/sign-up
2024/01/31 12:59:26.777  [I] [server.go:280]  http server Running on http://:8080
2024/01/31 13:00:16.135  [I] [server.go:280]  http server Running on http://:8080
2024/01/31 13:00:54.272  [I] [users.go:43]  Received  {gringom1234 gringo}
2024/01/31 13:00:54.302  [D] [users.go:48]  [36 50 97 36 48 56 36 116 71 105 68 117 84 122 67 86 117 116 104 68 83 54 113 116 70 78 113 100 79 76 89 106 114 101 84 111 122 71 89 117 83 81 84 80 49 107 120 71 68 117 114 100 122 110 117 53 117 115 121 71]
2024/01/31 13:00:54.302  [D] [users.go:52]  Sending $2a$08$tGiDuTzCVuthDS6qtFNqdOLYjreTozGYuSQTP1kxGDurdznu5usyG
2024/01/31 13:00:54.320  [D] [users.go:79]  Returned user is &{8 0  gringo $2a$08$tGiDuTzCVuthDS6qtFNqdOLYjreTozGYuSQTP1kxGDurdznu5usyG    0001-01-01 00:00:00 +0000 UTC     1 false 2024-01-31 13:00:54 +0000 GMT 0001-01-01 00:00:00 +0000 UTC 1 1}
2024/01/31 13:00:54.320  [I] [users.go:83]  About to generate OTP for  gringo
2024/01/31 13:00:54.320  [I] [userOTP.go:32]  OTP for user is  849524
2024/01/31 13:00:54.347  [D] [router.go:1305]  |            ::1|[97;42m 201 [0m|  75.538875ms|   match|[97;46m POST    [0m /v1/users/2/sign-up   r:/v1/users/2/sign-up
2024/01/31 13:01:15.240  [I] [authentication.go:72]  Received OTP verification request:  849524 gringo
2024/01/31 13:01:15.282  [I] [authentication.go:77]  Returned OTP model is  &{8 $2a$08$hAfKqBcpM8fxR22Ns66Ne.KKTqb5Au.Q6dKHyVWD0wMoi3VnZ0fh6 0 2024-01-31 13:00:54 +0000 GMT 0001-01-01 00:00:00 +0000 UTC 0 0}
2024/01/31 13:01:15.313  [D] [router.go:1305]  |            ::1|[97;42m 201 [0m|  72.868458ms|   match|[97;46m POST    [0m /v1/auth/verify-otp   r:/v1/auth/verify-otp
2024/01/31 13:10:13.821  [I] [server.go:280]  http server Running on http://:8080
2024/01/31 13:10:47.936  [I] [server.go:280]  http server Running on http://:8080
2024/01/31 13:10:48.813  [I] [server.go:280]  http server Running on http://:8080
2024/01/31 13:14:06.447  [D] [router.go:1305]  |            ::1|[97;42m 200 [0m|   3.306958ms|   match|[97;44m GET     [0m /swagger/
2024/01/31 13:14:07.053  [D] [router.go:1305]  |            ::1|[97;42m 200 [0m|    840.833µs|   match|[97;44m GET     [0m /swagger/swagger.yml
2024/01/31 13:14:23.610  [I] [server.go:280]  http server Running on http://:8080
2024/01/31 13:16:08.810  [I] [server.go:280]  http server Running on http://:8080
2024/01/31 13:16:35.370  [I] [server.go:280]  http server Running on http://:8080
2024/01/31 13:16:53.386  [I] [users.go:44]  Received  {gambi1234 gambi}
2024/01/31 13:16:53.416  [D] [users.go:49]  [36 50 97 36 48 56 36 84 65 100 72 98 78 78 47 75 65 67 73 116 65 88 49 84 54 99 105 78 101 108 105 47 49 81 120 121 54 69 103 122 105 77 98 77 54 103 103 110 122 87 119 74 70 111 105 90 99 115 68 54]
2024/01/31 13:16:53.416  [D] [users.go:53]  Sending $2a$08$TAdHbNN/KACItAX1T6ciNeli/1Qxy6EgziMbM6ggnzWwJFoiZcsD6
2024/01/31 13:16:53.447  [D] [users.go:80]  Returned user is &{9 0  gambi $2a$08$TAdHbNN/KACItAX1T6ciNeli/1Qxy6EgziMbM6ggnzWwJFoiZcsD6    0001-01-01 00:00:00 +0000 UTC     1 false 2024-01-31 13:16:53 +0000 GMT 0001-01-01 00:00:00 +0000 UTC 1 1}
2024/01/31 13:16:53.447  [I] [users.go:84]  About to generate OTP for  gambi
2024/01/31 13:16:53.447  [I] [userOTP.go:32]  OTP for user is  763065
2024/01/31 13:16:53.483  [D] [router.go:1305]  |            ::1|[97;42m 201 [0m|  98.444334ms|   match|[97;46m POST    [0m /v1/users/2/sign-up   r:/v1/users/2/sign-up
2024/01/31 13:17:15.423  [I] [authentication.go:72]  Received OTP verification request:  111111 gambi
2024/01/31 13:17:15.444  [I] [authentication.go:77]  Returned OTP model is  &{9 𛈇 0 2024-01-31 13:16:53 +0000 GMT 0001-01-01 00:00:00 +0000 UTC 0 0}
2024/01/31 13:17:15.444  [E] [authentication.go:84]  crypto/bcrypt: hashedSecret too short to be a bcrypted password
2024/01/31 13:17:15.445  [D] [router.go:1305]  |            ::1|[97;42m 200 [0m|  26.956666ms|   match|[97;46m POST    [0m /v1/auth/verify-otp   r:/v1/auth/verify-otp
2024/01/31 13:19:55.057  [I] [server.go:280]  http server Running on http://:8080
2024/01/31 13:20:02.342  [I] [server.go:280]  http server Running on http://:8080
2024/01/31 13:20:06.253  [D] [router.go:1305]  |            ::1|[97;42m 200 [0m|   1.843833ms|   match|[97;44m GET     [0m /swagger/
2024/01/31 13:20:06.469  [D] [router.go:1305]  |            ::1|[97;42m 200 [0m|        387µs|   match|[97;44m GET     [0m /swagger/swagger.yml
2024/01/31 13:20:25.887  [I] [server.go:280]  http server Running on http://:8080
2024/01/31 13:20:56.147  [I] [server.go:280]  http server Running on http://:8080
2024/01/31 13:21:03.346  [I] [server.go:280]  http server Running on http://:8080
2024/01/31 13:21:05.241  [D] [router.go:1305]  |            ::1|[97;42m 200 [0m|    631.541µs|   match|[97;44m GET     [0m /swagger/
2024/01/31 13:21:05.398  [D] [router.go:1305]  |            ::1|[97;42m 200 [0m|    711.083µs|   match|[97;44m GET     [0m /swagger/swagger.yml
2024/01/31 13:26:00.351  [I] [server.go:280]  http server Running on http://:8080
